Collecting orjson
  Using cached orjson-3.11.5.tar.gz (6.0 MB)
  Preparing metadata (pyproject.toml): started
  Running command Preparing metadata (pyproject.toml)
  ðŸ“¦ Including license file `LICENSE-APACHE`
  ðŸ“¦ Including license file `LICENSE-MIT`
  ðŸ¹ Building a mixed python/rust project
  ðŸ”— Found pyo3-ffi bindings
  ðŸ’¥ maturin failed
    Caused by: Python interpreter should be a kind of interpreter (e.g. 'python3.14' or 'pypy3.11') when cross-compiling, got path to interpreter: /usr/bin/python3
  Error running maturin: Command '['maturin', 'pep517', 'write-dist-info', '--metadata-directory', '/tmp/pip-modern-metadata-n7ntbycu', '--interpreter', '/usr/bin/python3']' returned non-zero exit status 1.
  Checking for Rust toolchain....
  Running `maturin pep517 write-dist-info --metadata-directory /tmp/pip-modern-metadata-n7ntbycu --interpreter /usr/bin/python3`
  error: subprocess-exited-with-error
  
  Ã— Preparing metadata (pyproject.toml) did not run successfully.
  â”‚ exit code: 1
  â•°â”€> No available output.
  
  note: This error originates from a subprocess, and is likely not a problem with pip.
  full command: /usr/bin/python3 /home/trex/.local/lib/python3.12/site-packages/pip/_vendor/pyproject_hooks/_in_process/_in_process.py prepare_metadata_for_build_wheel /tmp/tmp63j6fdge
  cwd: /tmp/pip-wheel-nmhc047h/orjson_5f507dbee4c84451b7cf1dbbb5de3344
  Preparing metadata (pyproject.toml): finished with status 'error'
error: metadata-generation-failed

Ã— Encountered error while generating package metadata.
â•°â”€> orjson

note: This is an issue with the package mentioned above, not pip.
hint: See above for details.
