[0;34m========================================[0m
[0;32mBuilding grpcio wheel for Android x86_64[0m
[0;34m========================================[0m

[0;32m✓ NDK found at: /home/trex/Android/Sdk/ndk/r26b[0m
[0;32m✓ Compiler found: /home/trex/Android/Sdk/ndk/r26b/toolchains/llvm/prebuilt/linux-x86_64/bin/x86_64-linux-android30-clang[0m

[0;34mBuild Configuration:[0m
  NDK: /home/trex/Android/Sdk/ndk/r26b
  Toolchain: linux-x86_64
  CC: /home/trex/Android/Sdk/ndk/r26b/toolchains/llvm/prebuilt/linux-x86_64/bin/x86_64-linux-android30-clang
  CXX: /home/trex/Android/Sdk/ndk/r26b/toolchains/llvm/prebuilt/linux-x86_64/bin/x86_64-linux-android30-clang++
  Target: Android x86_64 (API 30)
  Output: ./wheels

[1;33mEnvironment variables:[0m
  ANDROID_NDK=/home/trex/Android/Sdk/ndk/r26b
  ANDROID_ABI=x86_64
  ANDROID_PLATFORM=android-30
  ARCH=x86_64
  TARGET_ARCH=x86_64-linux-android
  CFLAGS=-U__ANDROID_API__ -D__ANDROID_API__=30 --sysroot=/home/trex/Android/Sdk/ndk/r26b/toolchains/llvm/prebuilt/linux-x86_64/sysroot -I/home/trex/Android/Sdk/ndk/r26b/toolchains/llvm/prebuilt/linux-x86_64/sysroot/usr/include -I/home/trex/Android/Sdk/ndk/r26b/toolchains/llvm/prebuilt/linux-x86_64/sysroot/usr/include/x86_64-linux-android -fPIC -target x86_64-linux-android30
  LDFLAGS=--sysroot=/home/trex/Android/Sdk/ndk/r26b/toolchains/llvm/prebuilt/linux-x86_64/sysroot -llog -L/home/trex/Android/Sdk/ndk/r26b/toolchains/llvm/prebuilt/linux-x86_64/sysroot/usr/lib/x86_64-linux-android/30 -fuse-ld=lld -target x86_64-linux-android30

[0;32mStarting build...[0m
[1;33mThis may take 10-30 minutes depending on your system.[0m

Collecting grpcio==1.76.0
  Using cached grpcio-1.76.0.tar.gz (12.8 MB)
  Preparing metadata (pyproject.toml): started
  Running command Preparing metadata (pyproject.toml)
  This package needs to generate C files with Cython but it cannot. Poisoning extension sources to disallow extension commands...You requested a Cython build via GRPC_PYTHON_BUILD_WITH_CYTHON, but do not have Cython installed. We won't stop you from using other commands, but the extension files will fail to build.
  /home/trex/.local/lib/python3.12/site-packages/setuptools/dist.py:759: SetuptoolsDeprecationWarning: License classifiers are deprecated.
  !!

          ********************************************************************************
          Please consider removing the following classifiers in favor of a SPDX license expression:

          License :: OSI Approved :: Apache Software License

          See https://packaging.python.org/en/latest/guides/writing-pyproject-toml/#license for details.
          ********************************************************************************

  !!
    self._finalize_license_expression()
  running dist_info
  creating /tmp/pip-modern-metadata-qt6xak7a/grpcio.egg-info
  writing /tmp/pip-modern-metadata-qt6xak7a/grpcio.egg-info/PKG-INFO
  writing dependency_links to /tmp/pip-modern-metadata-qt6xak7a/grpcio.egg-info/dependency_links.txt
  writing requirements to /tmp/pip-modern-metadata-qt6xak7a/grpcio.egg-info/requires.txt
  writing top-level names to /tmp/pip-modern-metadata-qt6xak7a/grpcio.egg-info/top_level.txt
  writing manifest file '/tmp/pip-modern-metadata-qt6xak7a/grpcio.egg-info/SOURCES.txt'
  reading manifest file '/tmp/pip-modern-metadata-qt6xak7a/grpcio.egg-info/SOURCES.txt'
  reading manifest template 'PYTHON-MANIFEST.in'
  warning: no files found matching '*.c' under directory 'src/python/grpcio/grpc'
  warning: no files found matching '*.h' under directory 'src/python/grpcio/grpc'
  warning: no files found matching '*.inc' under directory 'src/python/grpcio/grpc'
  warning: no files found matching '*.python' under directory 'src/python/grpcio/grpc'
  warning: no previously-included files matching '*.so' found under directory 'src/python/grpcio/grpc/_cython'
  warning: no previously-included files matching '*.pyd' found under directory 'src/python/grpcio/grpc/_cython'
  warning: no files found matching 'src/python/grpcio/precompiled.py'
  adding license file 'LICENSE'
  writing manifest file '/tmp/pip-modern-metadata-qt6xak7a/grpcio.egg-info/SOURCES.txt'
  creating '/tmp/pip-modern-metadata-qt6xak7a/grpcio-1.76.0.dist-info'
  Preparing metadata (pyproject.toml): finished with status 'done'
Collecting typing-extensions~=4.12 (from grpcio==1.76.0)
  Downloading typing_extensions-4.15.0.tar.gz (109 kB)
  Preparing metadata (pyproject.toml): started
  Running command Preparing metadata (pyproject.toml)
  Preparing metadata (pyproject.toml): finished with status 'done'
ERROR: Exception:
Traceback (most recent call last):
  File "/home/trex/.local/lib/python3.12/site-packages/pip/_internal/cli/base_command.py", line 107, in _run_wrapper
    status = _inner_run()
             ^^^^^^^^^^^^
  File "/home/trex/.local/lib/python3.12/site-packages/pip/_internal/cli/base_command.py", line 98, in _inner_run
    return self.run(options, args)
           ^^^^^^^^^^^^^^^^^^^^^^^
  File "/home/trex/.local/lib/python3.12/site-packages/pip/_internal/cli/req_command.py", line 85, in wrapper
    return func(self, options, args)
           ^^^^^^^^^^^^^^^^^^^^^^^^^
  File "/home/trex/.local/lib/python3.12/site-packages/pip/_internal/commands/wheel.py", line 143, in run
    requirement_set = resolver.resolve(reqs, check_supported_wheels=True)
                      ^^^^^^^^^^^^^^^^^^^^^^^^^^^^^^^^^^^^^^^^^^^^^^^^^^^
  File "/home/trex/.local/lib/python3.12/site-packages/pip/_internal/resolution/resolvelib/resolver.py", line 99, in resolve
    result = self._result = resolver.resolve(
                            ^^^^^^^^^^^^^^^^^
  File "/home/trex/.local/lib/python3.12/site-packages/pip/_vendor/resolvelib/resolvers/resolution.py", line 601, in resolve
    state = resolution.resolve(requirements, max_rounds=max_rounds)
            ^^^^^^^^^^^^^^^^^^^^^^^^^^^^^^^^^^^^^^^^^^^^^^^^^^^^^^^
  File "/home/trex/.local/lib/python3.12/site-packages/pip/_vendor/resolvelib/resolvers/resolution.py", line 513, in resolve
    failure_criterion = self._attempt_to_pin_criterion(name)
                        ^^^^^^^^^^^^^^^^^^^^^^^^^^^^^^^^^^^^
  File "/home/trex/.local/lib/python3.12/site-packages/pip/_vendor/resolvelib/resolvers/resolution.py", line 220, in _attempt_to_pin_criterion
    criteria = self._get_updated_criteria(candidate)
               ^^^^^^^^^^^^^^^^^^^^^^^^^^^^^^^^^^^^^
  File "/home/trex/.local/lib/python3.12/site-packages/pip/_vendor/resolvelib/resolvers/resolution.py", line 211, in _get_updated_criteria
    self._add_to_criteria(criteria, requirement, parent=candidate)
  File "/home/trex/.local/lib/python3.12/site-packages/pip/_vendor/resolvelib/resolvers/resolution.py", line 150, in _add_to_criteria
    if not criterion.candidates:
           ^^^^^^^^^^^^^^^^^^^^
  File "/home/trex/.local/lib/python3.12/site-packages/pip/_vendor/resolvelib/structs.py", line 194, in __bool__
    return bool(self._sequence)
           ^^^^^^^^^^^^^^^^^^^^
  File "/home/trex/.local/lib/python3.12/site-packages/pip/_internal/resolution/resolvelib/found_candidates.py", line 165, in __bool__
    self._bool = any(self)
                 ^^^^^^^^^
  File "/home/trex/.local/lib/python3.12/site-packages/pip/_internal/resolution/resolvelib/found_candidates.py", line 149, in <genexpr>
    return (c for c in iterator if id(c) not in self._incompatible_ids)
           ^^^^^^^^^^^^^^^^^^^^^^^^^^^^^^^^^^^^^^^^^^^^^^^^^^^^^^^^^^^^
  File "/home/trex/.local/lib/python3.12/site-packages/pip/_internal/resolution/resolvelib/found_candidates.py", line 39, in _iter_built
    candidate = func()
                ^^^^^^
  File "/home/trex/.local/lib/python3.12/site-packages/pip/_internal/resolution/resolvelib/factory.py", line 180, in _make_candidate_from_link
    base: BaseCandidate | None = self._make_base_candidate_from_link(
                                 ^^^^^^^^^^^^^^^^^^^^^^^^^^^^^^^^^^^^
  File "/home/trex/.local/lib/python3.12/site-packages/pip/_internal/resolution/resolvelib/factory.py", line 226, in _make_base_candidate_from_link
    self._link_candidate_cache[link] = LinkCandidate(
                                       ^^^^^^^^^^^^^^
  File "/home/trex/.local/lib/python3.12/site-packages/pip/_internal/resolution/resolvelib/candidates.py", line 318, in __init__
    super().__init__(
  File "/home/trex/.local/lib/python3.12/site-packages/pip/_internal/resolution/resolvelib/candidates.py", line 161, in __init__
    self.dist = self._prepare()
                ^^^^^^^^^^^^^^^
  File "/home/trex/.local/lib/python3.12/site-packages/pip/_internal/resolution/resolvelib/candidates.py", line 238, in _prepare
    dist = self._prepare_distribution()
           ^^^^^^^^^^^^^^^^^^^^^^^^^^^^
  File "/home/trex/.local/lib/python3.12/site-packages/pip/_internal/resolution/resolvelib/candidates.py", line 329, in _prepare_distribution
    return preparer.prepare_linked_requirement(self._ireq, parallel_builds=True)
           ^^^^^^^^^^^^^^^^^^^^^^^^^^^^^^^^^^^^^^^^^^^^^^^^^^^^^^^^^^^^^^^^^^^^^
  File "/home/trex/.local/lib/python3.12/site-packages/pip/_internal/operations/prepare.py", line 543, in prepare_linked_requirement
    return self._prepare_linked_requirement(req, parallel_builds)
           ^^^^^^^^^^^^^^^^^^^^^^^^^^^^^^^^^^^^^^^^^^^^^^^^^^^^^^
  File "/home/trex/.local/lib/python3.12/site-packages/pip/_internal/operations/prepare.py", line 658, in _prepare_linked_requirement
    dist = _get_prepared_distribution(
           ^^^^^^^^^^^^^^^^^^^^^^^^^^^
  File "/home/trex/.local/lib/python3.12/site-packages/pip/_internal/operations/prepare.py", line 77, in _get_prepared_distribution
    abstract_dist.prepare_distribution_metadata(
  File "/home/trex/.local/lib/python3.12/site-packages/pip/_internal/distributions/sdist.py", line 71, in prepare_distribution_metadata
    self.req.prepare_metadata()
  File "/home/trex/.local/lib/python3.12/site-packages/pip/_internal/req/req_install.py", line 530, in prepare_metadata
    self.metadata_directory = generate_metadata(
                              ^^^^^^^^^^^^^^^^^^
  File "/home/trex/.local/lib/python3.12/site-packages/pip/_internal/operations/build/metadata.py", line 34, in generate_metadata
    distinfo_dir = backend.prepare_metadata_for_build_wheel(metadata_dir)
                   ^^^^^^^^^^^^^^^^^^^^^^^^^^^^^^^^^^^^^^^^^^^^^^^^^^^^^^
  File "/home/trex/.local/lib/python3.12/site-packages/pip/_internal/utils/misc.py", line 715, in prepare_metadata_for_build_wheel
    return super().prepare_metadata_for_build_wheel(
           ^^^^^^^^^^^^^^^^^^^^^^^^^^^^^^^^^^^^^^^^^
  File "/home/trex/.local/lib/python3.12/site-packages/pip/_vendor/pyproject_hooks/_impl.py", line 224, in prepare_metadata_for_build_wheel
    return self._call_hook(
           ^^^^^^^^^^^^^^^^
  File "/home/trex/.local/lib/python3.12/site-packages/pip/_vendor/pyproject_hooks/_impl.py", line 402, in _call_hook
    raise BackendUnavailable(
pip._vendor.pyproject_hooks._impl.BackendUnavailable: Cannot import 'flit_core.buildapi'

[0;31m========================================[0m
[0;31m✗ Build failed![0m
[0;31m========================================[0m
Check build.log for details
